<?xml version="1.0" encoding="UTF-8"?>
<!-- Generated by org.testng.reporters.JUnitXMLReporter -->
<testsuite hostname="DESKTOP-2COP05S" ignored="0" name="Surefire test" tests="7" failures="2" timestamp="2021-10-21T16:03:14 IST" time="140.437" errors="0">
  <testcase name="activity" time="18.887" classname="QTRecognition.Activity"/>
  <testcase name="kudosrecentv" time="13.875" classname="QTRecognition.kudosRecent"/>
  <testcase name="search" time="18.624" classname="QTRecognition.kudosSearch"/>
  <testcase name="kudosVerify" time="33.311" classname="QTRecognition.kudosSend">
    <failure type="java.lang.AssertionError" message="expected [true] but found [false]">
      <![CDATA[java.lang.AssertionError: expected [true] but found [false]
at QTRecognition.kudosSend.kudosVerify(kudosSend.java:63)
at java.util.ArrayList.forEach(Unknown Source)
... Removed 36 stack frames]]>
    </failure>
  </testcase> <!-- kudosVerify -->
  <testcase name="verify" time="9.752" classname="QTRecognition.login"/>
  <testcase name="verifyColour" time="4.062" classname="QTRecognition.login">
    <failure type="junit.framework.AssertionFailedError">
      <![CDATA[junit.framework.AssertionFailedError
at junit.framework.Assert.fail(Assert.java:47)
at junit.framework.Assert.assertTrue(Assert.java:20)
at junit.framework.Assert.assertTrue(Assert.java:27)
at QTRecognition.login.verifyColour(login.java:48)
at java.util.ArrayList.forEach(Unknown Source)
... Removed 32 stack frames]]>
    </failure>
  </testcase> <!-- verifyColour -->
  <testcase name="other" time="36.086" classname="QTRecognition.others"/>
</testsuite> <!-- Surefire test -->
