<?xml version="1.0" encoding="UTF-8"?>
<testng-results skipped="0" failed="2" ignored="0" total="7" passed="5">
  <reporter-output>
  </reporter-output>
  <suite name="Surefire suite" duration-ms="140437" started-at="2021-10-21T16:00:53 IST" finished-at="2021-10-21T16:03:14 IST">
    <groups>
    </groups>
    <test name="Surefire test" duration-ms="140437" started-at="2021-10-21T16:00:53 IST" finished-at="2021-10-21T16:03:14 IST">
      <class name="QTRecognition.login">
        <test-method status="PASS" signature="verify()[pri:0, instance:QTRecognition.login@5b12b668]" name="verify" duration-ms="9752" started-at="2021-10-21T16:02:19 IST" finished-at="2021-10-21T16:02:29 IST">
          <reporter-output>
          </reporter-output>
        </test-method> <!-- verify -->
        <test-method status="FAIL" signature="verifyColour()[pri:0, instance:QTRecognition.login@5b12b668]" name="verifyColour" duration-ms="4062" started-at="2021-10-21T16:02:29 IST" finished-at="2021-10-21T16:02:33 IST">
          <exception class="junit.framework.AssertionFailedError">
            <full-stacktrace>
              <![CDATA[junit.framework.AssertionFailedError
at junit.framework.Assert.fail(Assert.java:47)
at junit.framework.Assert.assertTrue(Assert.java:20)
at junit.framework.Assert.assertTrue(Assert.java:27)
at QTRecognition.login.verifyColour(login.java:48)
at sun.reflect.NativeMethodAccessorImpl.invoke0(Native Method)
at sun.reflect.NativeMethodAccessorImpl.invoke(Unknown Source)
at sun.reflect.DelegatingMethodAccessorImpl.invoke(Unknown Source)
at java.lang.reflect.Method.invoke(Unknown Source)
at org.testng.internal.MethodInvocationHelper.invokeMethod(MethodInvocationHelper.java:133)
at org.testng.internal.TestInvoker.invokeMethod(TestInvoker.java:598)
at org.testng.internal.TestInvoker.invokeTestMethod(TestInvoker.java:173)
at org.testng.internal.MethodRunner.runInSequence(MethodRunner.java:46)
at org.testng.internal.TestInvoker$MethodInvocationAgent.invoke(TestInvoker.java:824)
at org.testng.internal.TestInvoker.invokeTestMethods(TestInvoker.java:146)
at org.testng.internal.TestMethodWorker.invokeTestMethods(TestMethodWorker.java:146)
at org.testng.internal.TestMethodWorker.run(TestMethodWorker.java:128)
at java.util.ArrayList.forEach(Unknown Source)
at org.testng.TestRunner.privateRun(TestRunner.java:794)
at org.testng.TestRunner.run(TestRunner.java:596)
at org.testng.SuiteRunner.runTest(SuiteRunner.java:377)
at org.testng.SuiteRunner.runSequentially(SuiteRunner.java:371)
at org.testng.SuiteRunner.privateRun(SuiteRunner.java:332)
at org.testng.SuiteRunner.run(SuiteRunner.java:276)
at org.testng.SuiteRunnerWorker.runSuite(SuiteRunnerWorker.java:53)
at org.testng.SuiteRunnerWorker.run(SuiteRunnerWorker.java:96)
at org.testng.TestNG.runSuitesSequentially(TestNG.java:1212)
at org.testng.TestNG.runSuitesLocally(TestNG.java:1134)
at org.testng.TestNG.runSuites(TestNG.java:1063)
at org.testng.TestNG.run(TestNG.java:1031)
at org.apache.maven.surefire.testng.TestNGExecutor.run(TestNGExecutor.java:136)
at org.apache.maven.surefire.testng.TestNGDirectoryTestSuite.executeMulti(TestNGDirectoryTestSuite.java:193)
at org.apache.maven.surefire.testng.TestNGDirectoryTestSuite.execute(TestNGDirectoryTestSuite.java:94)
at org.apache.maven.surefire.testng.TestNGProvider.invoke(TestNGProvider.java:145)
at org.apache.maven.surefire.booter.ForkedBooter.runSuitesInProcess(ForkedBooter.java:428)
at org.apache.maven.surefire.booter.ForkedBooter.execute(ForkedBooter.java:162)
at org.apache.maven.surefire.booter.ForkedBooter.run(ForkedBooter.java:562)
at org.apache.maven.surefire.booter.ForkedBooter.main(ForkedBooter.java:548)
]]>
            </full-stacktrace>
          </exception> <!-- junit.framework.AssertionFailedError -->
          <reporter-output>
          </reporter-output>
        </test-method> <!-- verifyColour -->
        <test-method status="PASS" signature="exit()[pri:0, instance:QTRecognition.login@5b12b668]" name="exit" is-config="true" duration-ms="274" started-at="2021-10-21T16:02:33 IST" finished-at="2021-10-21T16:02:33 IST">
          <reporter-output>
          </reporter-output>
        </test-method> <!-- exit -->
      </class> <!-- QTRecognition.login -->
      <class name="QTRecognition.others">
        <test-method status="PASS" signature="other()[pri:0, instance:QTRecognition.others@1165b38]" name="other" duration-ms="36086" started-at="2021-10-21T16:02:33 IST" finished-at="2021-10-21T16:03:09 IST">
          <reporter-output>
          </reporter-output>
        </test-method> <!-- other -->
        <test-method status="PASS" signature="exit()[pri:0, instance:QTRecognition.others@1165b38]" name="exit" is-config="true" duration-ms="4152" started-at="2021-10-21T16:03:09 IST" finished-at="2021-10-21T16:03:14 IST">
          <reporter-output>
          </reporter-output>
        </test-method> <!-- exit -->
      </class> <!-- QTRecognition.others -->
      <class name="QTRecognition.kudosSend">
        <test-method status="FAIL" signature="kudosVerify()[pri:0, instance:QTRecognition.kudosSend@4c402120]" name="kudosVerify" duration-ms="33311" started-at="2021-10-21T16:01:46 IST" finished-at="2021-10-21T16:02:19 IST">
          <exception class="java.lang.AssertionError">
            <message>
              <![CDATA[expected [true] but found [false]]]>
            </message>
            <full-stacktrace>
              <![CDATA[java.lang.AssertionError: expected [true] but found [false]
at org.testng.Assert.fail(Assert.java:99)
at org.testng.Assert.failNotEquals(Assert.java:1037)
at org.testng.Assert.assertTrue(Assert.java:45)
at org.testng.Assert.assertTrue(Assert.java:55)
at QTRecognition.kudosSend.kudosVerify(kudosSend.java:63)
at sun.reflect.NativeMethodAccessorImpl.invoke0(Native Method)
at sun.reflect.NativeMethodAccessorImpl.invoke(Unknown Source)
at sun.reflect.DelegatingMethodAccessorImpl.invoke(Unknown Source)
at java.lang.reflect.Method.invoke(Unknown Source)
at org.testng.internal.MethodInvocationHelper.invokeMethod(MethodInvocationHelper.java:133)
at org.testng.internal.TestInvoker.invokeMethod(TestInvoker.java:598)
at org.testng.internal.TestInvoker.invokeTestMethod(TestInvoker.java:173)
at org.testng.internal.MethodRunner.runInSequence(MethodRunner.java:46)
at org.testng.internal.TestInvoker$MethodInvocationAgent.invoke(TestInvoker.java:824)
at org.testng.internal.TestInvoker.invokeTestMethods(TestInvoker.java:146)
at org.testng.internal.TestMethodWorker.invokeTestMethods(TestMethodWorker.java:146)
at org.testng.internal.TestMethodWorker.run(TestMethodWorker.java:128)
at java.util.ArrayList.forEach(Unknown Source)
at org.testng.TestRunner.privateRun(TestRunner.java:794)
at org.testng.TestRunner.run(TestRunner.java:596)
at org.testng.SuiteRunner.runTest(SuiteRunner.java:377)
at org.testng.SuiteRunner.runSequentially(SuiteRunner.java:371)
at org.testng.SuiteRunner.privateRun(SuiteRunner.java:332)
at org.testng.SuiteRunner.run(SuiteRunner.java:276)
at org.testng.SuiteRunnerWorker.runSuite(SuiteRunnerWorker.java:53)
at org.testng.SuiteRunnerWorker.run(SuiteRunnerWorker.java:96)
at org.testng.TestNG.runSuitesSequentially(TestNG.java:1212)
at org.testng.TestNG.runSuitesLocally(TestNG.java:1134)
at org.testng.TestNG.runSuites(TestNG.java:1063)
at org.testng.TestNG.run(TestNG.java:1031)
at org.apache.maven.surefire.testng.TestNGExecutor.run(TestNGExecutor.java:136)
at org.apache.maven.surefire.testng.TestNGDirectoryTestSuite.executeMulti(TestNGDirectoryTestSuite.java:193)
at org.apache.maven.surefire.testng.TestNGDirectoryTestSuite.execute(TestNGDirectoryTestSuite.java:94)
at org.apache.maven.surefire.testng.TestNGProvider.invoke(TestNGProvider.java:145)
at org.apache.maven.surefire.booter.ForkedBooter.runSuitesInProcess(ForkedBooter.java:428)
at org.apache.maven.surefire.booter.ForkedBooter.execute(ForkedBooter.java:162)
at org.apache.maven.surefire.booter.ForkedBooter.run(ForkedBooter.java:562)
at org.apache.maven.surefire.booter.ForkedBooter.main(ForkedBooter.java:548)
]]>
            </full-stacktrace>
          </exception> <!-- java.lang.AssertionError -->
          <reporter-output>
          </reporter-output>
        </test-method> <!-- kudosVerify -->
        <test-method status="PASS" signature="exit()[pri:0, instance:QTRecognition.kudosSend@4c402120]" name="exit" is-config="true" duration-ms="91" started-at="2021-10-21T16:02:19 IST" finished-at="2021-10-21T16:02:19 IST">
          <reporter-output>
          </reporter-output>
        </test-method> <!-- exit -->
      </class> <!-- QTRecognition.kudosSend -->
      <class name="QTRecognition.kudosSearch">
        <test-method status="PASS" signature="search()[pri:0, instance:QTRecognition.kudosSearch@2d1ef81a]" name="search" duration-ms="18624" started-at="2021-10-21T16:01:26 IST" finished-at="2021-10-21T16:01:45 IST">
          <reporter-output>
          </reporter-output>
        </test-method> <!-- search -->
        <test-method status="PASS" signature="exit()[pri:0, instance:QTRecognition.kudosSearch@2d1ef81a]" name="exit" is-config="true" duration-ms="848" started-at="2021-10-21T16:01:45 IST" finished-at="2021-10-21T16:01:46 IST">
          <reporter-output>
          </reporter-output>
        </test-method> <!-- exit -->
      </class> <!-- QTRecognition.kudosSearch -->
      <class name="QTRecognition.kudosRecent">
        <test-method status="PASS" signature="kudosrecentv()[pri:0, instance:QTRecognition.kudosRecent@69a3d1d]" name="kudosrecentv" duration-ms="13875" started-at="2021-10-21T16:01:12 IST" finished-at="2021-10-21T16:01:26 IST">
          <reporter-output>
          </reporter-output>
        </test-method> <!-- kudosrecentv -->
        <test-method status="PASS" signature="exit()[pri:0, instance:QTRecognition.kudosRecent@69a3d1d]" name="exit" is-config="true" duration-ms="91" started-at="2021-10-21T16:01:26 IST" finished-at="2021-10-21T16:01:26 IST">
          <reporter-output>
          </reporter-output>
        </test-method> <!-- exit -->
      </class> <!-- QTRecognition.kudosRecent -->
      <class name="QTRecognition.Activity">
        <test-method status="PASS" signature="activity()[pri:0, instance:QTRecognition.Activity@1e965684]" name="activity" duration-ms="18887" started-at="2021-10-21T16:00:53 IST" finished-at="2021-10-21T16:01:12 IST">
          <reporter-output>
          </reporter-output>
        </test-method> <!-- activity -->
        <test-method status="PASS" signature="exit()[pri:0, instance:QTRecognition.Activity@1e965684]" name="exit" is-config="true" duration-ms="177" started-at="2021-10-21T16:01:12 IST" finished-at="2021-10-21T16:01:12 IST">
          <reporter-output>
          </reporter-output>
        </test-method> <!-- exit -->
      </class> <!-- QTRecognition.Activity -->
    </test> <!-- Surefire test -->
  </suite> <!-- Surefire suite -->
</testng-results>
